[2025-03-20 18:13:44] Программа запущена.
[2025-03-20 18:13:44] Сбор информации о ПК...
[2025-03-20 18:13:48] Выбрана версия игры: 1.7.10
[2025-03-20 18:13:48] Загрузка логов на mclo.gs...
[2025-03-20 18:13:48] Ссылка на latest.log: Файл latest.log не найден.
[2025-03-20 18:13:48] Ссылка на fml-client-latest.log: Файл fml-client-latest.log не найден.
[2025-03-20 18:13:48] Краш-репорт не найден.
[2025-03-20 18:13:56] Ник сохранён: Bufka2011
[2025-03-20 18:14:03] Ошибка: URL WebHook не указан. Пожалуйста, замените 'ВАШ_URL_WEBHOOK' на действительный URL.
[2025-03-20 18:14:39] Программа запущена.
[2025-03-20 18:14:39] Сбор информации о ПК...
[2025-03-20 18:14:42] Выбрана версия игры: 1.7.10
[2025-03-20 18:14:42] Загрузка логов на mclo.gs...
[2025-03-20 18:14:42] Ссылка на latest.log: Файл latest.log не найден.
[2025-03-20 18:14:42] Ссылка на fml-client-latest.log: Файл fml-client-latest.log не найден.
[2025-03-20 18:14:42] Краш-репорт не найден.
[2025-03-20 18:14:42] Используется сохранённый ник: Bufka2011
[2025-03-20 18:14:51] Отправка данных в Discord...
[2025-03-20 18:14:51] Данные успешно отправлены!
[2025-03-20 18:15:45] Программа запущена.
[2025-03-20 18:15:45] Сбор информации о ПК...
[2025-03-20 18:15:47] Выбрана версия игры: 1.12.2
[2025-03-20 18:15:47] Загрузка логов на mclo.gs...
[2025-03-20 18:15:48] Ссылка на latest.log: https://mclo.gs/ew0m7az
[2025-03-20 18:15:48] Ссылка на fml-client-latest.log: Файл fml-client-latest.log не найден.
[2025-03-20 18:15:48] Краш-репорт не найден.
[2025-03-20 18:15:48] Используется сохранённый ник: Bufka2011
[2025-03-20 18:15:54] Отправка данных в Discord...
[2025-03-20 18:15:54] Данные успешно отправлены!
[2025-03-20 18:16:00] Программа запущена.
[2025-03-20 18:16:00] Сбор информации о ПК...
[2025-03-20 18:16:02] Выбрана версия игры: 1.7.10
[2025-03-20 18:16:02] Загрузка логов на mclo.gs...
[2025-03-20 18:16:02] Ссылка на latest.log: Файл latest.log не найден.
[2025-03-20 18:16:04] Ссылка на fml-client-latest.log: https://mclo.gs/e3rBXbE
[2025-03-20 18:16:04] Краш-репорт не найден.
[2025-03-20 18:16:04] Используется сохранённый ник: Bufka2011
[2025-03-20 18:16:06] Отправка данных в Discord...
[2025-03-20 18:16:07] Данные успешно отправлены!
[2025-03-20 18:17:55] Программа запущена.
[2025-03-20 18:17:55] Сбор информации о ПК...
[2025-03-20 18:17:57] Выбрана версия игры: 1.7.10
[2025-03-20 18:17:57] Загрузка логов на mclo.gs...
[2025-03-20 18:17:57] Ссылка на latest.log: Файл latest.log не найден.
[2025-03-20 18:18:00] Ссылка на fml-client-latest.log: https://mclo.gs/X5fGVC4
[2025-03-20 18:18:00] Краш-репорт не найден.
[2025-03-20 18:18:00] Используется сохранённый ник: Bufka2011
[2025-03-20 18:18:05] Отправка данных в Discord...
[2025-03-20 18:18:05] Данные успешно отправлены!
[2025-03-20 18:20:06] Программа запущена.
[2025-03-20 18:20:06] Сбор информации о ПК...
[2025-03-20 18:20:09] Выбрана версия игры: 1.7.10
[2025-03-20 18:20:09] Загрузка логов на mclo.gs...
[2025-03-20 18:20:09] Ссылка на latest.log: Файл latest.log не найден.
[2025-03-20 18:20:11] Ссылка на fml-client-latest.log: https://mclo.gs/aVutTiJ
[2025-03-20 18:20:11] Краш-репорт не найден.
[2025-03-20 18:20:11] Используется сохранённый ник: Bufka2011
[2025-03-20 18:20:17] Отправка данных в Discord...
[2025-03-20 18:20:17] Данные успешно отправлены!
[2025-03-20 18:22:05] Программа запущена.
[2025-03-20 18:22:05] Сбор информации о ПК...
[2025-03-20 18:22:07] Выбрана версия игры: 1.7.10
[2025-03-20 18:22:07] Загрузка логов на mclo.gs...
[2025-03-20 18:22:07] Ссылка на latest.log: Файл latest.log не найден.
[2025-03-20 18:22:10] Ссылка на fml-client-latest.log: https://mclo.gs/YLgCiqf
[2025-03-20 18:22:10] Краш-репорт не найден.
[2025-03-20 18:22:10] Используется сохранённый ник: Bufka2011
[2025-03-20 18:22:30] Программа запущена.
[2025-03-20 18:22:30] Сбор информации о ПК...
[2025-03-20 18:22:32] Выбрана версия игры: 1.7.10
[2025-03-20 18:22:32] Загрузка логов на mclo.gs...
[2025-03-20 18:22:32] Ссылка на latest.log: Файл latest.log не найден.
[2025-03-20 18:22:34] Ссылка на fml-client-latest.log: https://mclo.gs/F66lBsJ
[2025-03-20 18:22:34] Краш-репорт не найден.
[2025-03-20 18:22:34] Используется сохранённый ник: Bufka2011
[2025-03-20 18:27:44] Программа запущена.
[2025-03-20 18:27:44] Сбор информации о ПК...
[2025-03-20 18:27:57] Программа запущена.
[2025-03-20 18:27:57] Сбор информации о ПК...
[2025-03-20 18:28:12] Выбрана версия игры: 1.7.10
[2025-03-20 18:28:12] Загрузка логов на mclo.gs...
[2025-03-20 18:28:12] Ссылка на latest.log: Файл latest.log не найден.
[2025-03-20 18:28:14] Ссылка на fml-client-latest.log: https://mclo.gs/1OsOlkT
[2025-03-20 18:28:14] Краш-репорт не найден.
[2025-03-20 18:28:14] Используется сохранённый ник: Bufka2011
[2025-03-20 18:28:26] Отправка данных в Discord...
[2025-03-20 18:28:26] Данные успешно отправлены!
[2025-03-20 18:31:06] Программа запущена.
[2025-03-20 18:31:06] Сбор информации о ПК...
[2025-03-20 18:31:54] Выбрана версия игры: 1.7.10
[2025-03-20 18:31:54] Загрузка логов на mclo.gs...
[2025-03-20 18:31:54] Ссылка на latest.log: Файл latest.log не найден.
[2025-03-20 18:31:57] Ссылка на fml-client-latest.log: https://mclo.gs/GcnPavf
[2025-03-20 18:31:57] Краш-репорт не найден.
[2025-03-20 18:31:57] Используется сохранённый ник: Bufka2011
[2025-03-20 18:32:16] Отправка данных в Discord...
[2025-03-20 18:32:16] Данные успешно отправлены!
[2025-03-20 18:41:28] Программа запущена.
[2025-03-20 18:41:28] Сбор информации о ПК...
[2025-03-20 18:41:40] Выбрана версия игры: 1.7.10
[2025-03-20 18:41:40] Загрузка логов на mclo.gs...
[2025-03-20 18:41:40] Ссылка на latest.log: Файл latest.log не найден.
[2025-03-20 18:41:43] Ссылка на fml-client-latest.log: https://mclo.gs/1ehbmOM
[2025-03-20 18:41:43] Краш-репорт не найден.
[2025-03-20 18:41:43] Используется сохранённый ник: Bufka2011
[2025-03-20 18:41:51] Отправка данных в Discord...
[2025-03-20 18:41:51] Данные успешно отправлены!
[2025-03-20 18:57:28] Программа запущена.
[2025-03-20 18:57:28] Сбор информации о ПК...
